<?xml version="1.0" encoding="UTF-8"?>
<!-- Generated by org.testng.reporters.JUnitXMLReporter -->
<testsuite hostname="DESKTOP-V5FJPD9" ignored="3" name="Default test" tests="1" failures="0" timestamp="07 Aug 2019 16:52:04 GMT" time="41.358" errors="0">
  <testcase name="logout" time="23.864" classname="com.flipcart.qa.testdata.LoginTest"/>
  <testcase name="validateprofilenameTest" time="0.0" classname="com.flipcart.qa.testdata.LoginTest">
    <ignored/>
  </testcase> <!-- validateprofilenameTest -->
  <testcase name="validatelogin" time="0.0" classname="com.flipcart.qa.testdata.LoginTest">
    <ignored/>
  </testcase> <!-- validatelogin -->
  <testcase name="validatePagetitleTest" time="0.0" classname="com.flipcart.qa.testdata.LoginTest">
    <ignored/>
  </testcase> <!-- validatePagetitleTest -->
</testsuite> <!-- Default test -->
