<?xml version="1.0" encoding="UTF-8"?>
<testng-results skipped="0" failed="0" ignored="3" total="4" passed="1">
  <reporter-output>
  </reporter-output>
  <suite name="Default suite" duration-ms="41358" started-at="2019-08-07T16:51:23Z" finished-at="2019-08-07T16:52:04Z">
    <groups>
    </groups>
    <test name="Default test" duration-ms="41358" started-at="2019-08-07T16:51:23Z" finished-at="2019-08-07T16:52:04Z">
      <class name="com.flipcart.qa.testdata.LoginTest">
        <test-method status="PASS" signature="loginInitialization()[pri:0, instance:com.flipcart.qa.testdata.LoginTest@ae45eb6]" name="loginInitialization" is-config="true" duration-ms="17398" started-at="2019-08-07T22:21:23Z" finished-at="2019-08-07T22:21:40Z">
          <reporter-output>
          </reporter-output>
        </test-method> <!-- loginInitialization -->
        <test-method status="PASS" signature="logout()[pri:3, instance:com.flipcart.qa.testdata.LoginTest@ae45eb6]" name="logout" duration-ms="23864" started-at="2019-08-07T22:21:40Z" finished-at="2019-08-07T22:22:04Z">
          <reporter-output>
          </reporter-output>
        </test-method> <!-- logout -->
        <test-method status="PASS" signature="tearDown()[pri:0, instance:com.flipcart.qa.testdata.LoginTest@ae45eb6]" name="tearDown" is-config="true" duration-ms="1" started-at="2019-08-07T22:22:04Z" finished-at="2019-08-07T22:22:04Z">
          <reporter-output>
          </reporter-output>
        </test-method> <!-- tearDown -->
      </class> <!-- com.flipcart.qa.testdata.LoginTest -->
    </test> <!-- Default test -->
  </suite> <!-- Default suite -->
</testng-results>
